-- The CXX compiler identification is AppleClang 16.0.0.16000026
-- Detecting CXX compiler ABI info
-- Detecting CXX compiler ABI info - done
-- Check for working CXX compiler: /Applications/Xcode.app/Contents/Developer/Toolchains/XcodeDefault.xctoolchain/usr/bin/c++ - skipped
-- Detecting CXX compile features
-- Detecting CXX compile features - done
-- CMAKE_BUILD_TYPE is not specified. Using default: RelWithDebInfo
-- Performing Test CMAKE_HAVE_LIBC_PTHREAD
-- Performing Test CMAKE_HAVE_LIBC_PTHREAD - Success
-- Found Threads: TRUE
-- Checking for one of the modules 'hwloc'
-- The C compiler identification is AppleClang 16.0.0.16000026
-- Detecting C compiler ABI info
-- Detecting C compiler ABI info - done
-- Check for working C compiler: /Applications/Xcode.app/Contents/Developer/Toolchains/XcodeDefault.xctoolchain/usr/bin/cc - skipped
-- Detecting C compile features
-- Detecting C compile features - done
-- TBBBind build targets are disabled due to unsupported environment
-- Configuring done (3.9s)
-- Generating done (0.1s)
-- Build files have been written to: /Users/hanallen/go/src/fisco/FISCO-BCOS/deps/src/tbb
