Making all in contrib
Making all in m4
Making all in src
Making all in include
Making all in .
Making all in microhttpd
libtool: compile:  gcc -DHAVE_CONFIG_H -I. -I../.. -I../../src/include -I../../src/microhttpd -DBUILDING_MHD_LIB=1 -I/usr/local/include -fvisibility=hidden -pthread -no-cpp-precomp -fno-common -g -O2 -fno-strict-aliasing -MT libmicrohttpd_la-connection.lo -MD -MP -MF .deps/libmicrohttpd_la-connection.Tpo -c connection.c  -fno-common -DPIC -o .libs/libmicrohttpd_la-connection.o
libtool: compile:  gcc -DHAVE_CONFIG_H -I. -I../.. -I../../src/include -I../../src/microhttpd -DBUILDING_MHD_LIB=1 -I/usr/local/include -fvisibility=hidden -pthread -no-cpp-precomp -fno-common -g -O2 -fno-strict-aliasing -MT libmicrohttpd_la-connection.lo -MD -MP -MF .deps/libmicrohttpd_la-connection.Tpo -c connection.c -o libmicrohttpd_la-connection.o >/dev/null 2>&1
libtool: compile:  gcc -DHAVE_CONFIG_H -I. -I../.. -I../../src/include -I../../src/microhttpd -DBUILDING_MHD_LIB=1 -I/usr/local/include -fvisibility=hidden -pthread -no-cpp-precomp -fno-common -g -O2 -fno-strict-aliasing -MT libmicrohttpd_la-reason_phrase.lo -MD -MP -MF .deps/libmicrohttpd_la-reason_phrase.Tpo -c reason_phrase.c  -fno-common -DPIC -o .libs/libmicrohttpd_la-reason_phrase.o
libtool: compile:  gcc -DHAVE_CONFIG_H -I. -I../.. -I../../src/include -I../../src/microhttpd -DBUILDING_MHD_LIB=1 -I/usr/local/include -fvisibility=hidden -pthread -no-cpp-precomp -fno-common -g -O2 -fno-strict-aliasing -MT libmicrohttpd_la-reason_phrase.lo -MD -MP -MF .deps/libmicrohttpd_la-reason_phrase.Tpo -c reason_phrase.c -o libmicrohttpd_la-reason_phrase.o >/dev/null 2>&1
libtool: compile:  gcc -DHAVE_CONFIG_H -I. -I../.. -I../../src/include -I../../src/microhttpd -DBUILDING_MHD_LIB=1 -I/usr/local/include -fvisibility=hidden -pthread -no-cpp-precomp -fno-common -g -O2 -fno-strict-aliasing -MT libmicrohttpd_la-daemon.lo -MD -MP -MF .deps/libmicrohttpd_la-daemon.Tpo -c daemon.c  -fno-common -DPIC -o .libs/libmicrohttpd_la-daemon.o
libtool: compile:  gcc -DHAVE_CONFIG_H -I. -I../.. -I../../src/include -I../../src/microhttpd -DBUILDING_MHD_LIB=1 -I/usr/local/include -fvisibility=hidden -pthread -no-cpp-precomp -fno-common -g -O2 -fno-strict-aliasing -MT libmicrohttpd_la-daemon.lo -MD -MP -MF .deps/libmicrohttpd_la-daemon.Tpo -c daemon.c -o libmicrohttpd_la-daemon.o >/dev/null 2>&1
libtool: compile:  gcc -DHAVE_CONFIG_H -I. -I../.. -I../../src/include -I../../src/microhttpd -DBUILDING_MHD_LIB=1 -I/usr/local/include -fvisibility=hidden -pthread -no-cpp-precomp -fno-common -g -O2 -fno-strict-aliasing -MT libmicrohttpd_la-internal.lo -MD -MP -MF .deps/libmicrohttpd_la-internal.Tpo -c internal.c  -fno-common -DPIC -o .libs/libmicrohttpd_la-internal.o
libtool: compile:  gcc -DHAVE_CONFIG_H -I. -I../.. -I../../src/include -I../../src/microhttpd -DBUILDING_MHD_LIB=1 -I/usr/local/include -fvisibility=hidden -pthread -no-cpp-precomp -fno-common -g -O2 -fno-strict-aliasing -MT libmicrohttpd_la-internal.lo -MD -MP -MF .deps/libmicrohttpd_la-internal.Tpo -c internal.c -o libmicrohttpd_la-internal.o >/dev/null 2>&1
libtool: compile:  gcc -DHAVE_CONFIG_H -I. -I../.. -I../../src/include -I../../src/microhttpd -DBUILDING_MHD_LIB=1 -I/usr/local/include -fvisibility=hidden -pthread -no-cpp-precomp -fno-common -g -O2 -fno-strict-aliasing -MT libmicrohttpd_la-memorypool.lo -MD -MP -MF .deps/libmicrohttpd_la-memorypool.Tpo -c memorypool.c  -fno-common -DPIC -o .libs/libmicrohttpd_la-memorypool.o
libtool: compile:  gcc -DHAVE_CONFIG_H -I. -I../.. -I../../src/include -I../../src/microhttpd -DBUILDING_MHD_LIB=1 -I/usr/local/include -fvisibility=hidden -pthread -no-cpp-precomp -fno-common -g -O2 -fno-strict-aliasing -MT libmicrohttpd_la-memorypool.lo -MD -MP -MF .deps/libmicrohttpd_la-memorypool.Tpo -c memorypool.c -o libmicrohttpd_la-memorypool.o >/dev/null 2>&1
libtool: compile:  gcc -DHAVE_CONFIG_H -I. -I../.. -I../../src/include -I../../src/microhttpd -DBUILDING_MHD_LIB=1 -I/usr/local/include -fvisibility=hidden -pthread -no-cpp-precomp -fno-common -g -O2 -fno-strict-aliasing -MT libmicrohttpd_la-mhd_mono_clock.lo -MD -MP -MF .deps/libmicrohttpd_la-mhd_mono_clock.Tpo -c mhd_mono_clock.c  -fno-common -DPIC -o .libs/libmicrohttpd_la-mhd_mono_clock.o
libtool: compile:  gcc -DHAVE_CONFIG_H -I. -I../.. -I../../src/include -I../../src/microhttpd -DBUILDING_MHD_LIB=1 -I/usr/local/include -fvisibility=hidden -pthread -no-cpp-precomp -fno-common -g -O2 -fno-strict-aliasing -MT libmicrohttpd_la-mhd_mono_clock.lo -MD -MP -MF .deps/libmicrohttpd_la-mhd_mono_clock.Tpo -c mhd_mono_clock.c -o libmicrohttpd_la-mhd_mono_clock.o >/dev/null 2>&1
libtool: compile:  gcc -DHAVE_CONFIG_H -I. -I../.. -I../../src/include -I../../src/microhttpd -DBUILDING_MHD_LIB=1 -I/usr/local/include -fvisibility=hidden -pthread -no-cpp-precomp -fno-common -g -O2 -fno-strict-aliasing -MT libmicrohttpd_la-sysfdsetsize.lo -MD -MP -MF .deps/libmicrohttpd_la-sysfdsetsize.Tpo -c sysfdsetsize.c  -fno-common -DPIC -o .libs/libmicrohttpd_la-sysfdsetsize.o
libtool: compile:  gcc -DHAVE_CONFIG_H -I. -I../.. -I../../src/include -I../../src/microhttpd -DBUILDING_MHD_LIB=1 -I/usr/local/include -fvisibility=hidden -pthread -no-cpp-precomp -fno-common -g -O2 -fno-strict-aliasing -MT libmicrohttpd_la-sysfdsetsize.lo -MD -MP -MF .deps/libmicrohttpd_la-sysfdsetsize.Tpo -c sysfdsetsize.c -o libmicrohttpd_la-sysfdsetsize.o >/dev/null 2>&1
libtool: compile:  gcc -DHAVE_CONFIG_H -I. -I../.. -I../../src/include -I../../src/microhttpd -DBUILDING_MHD_LIB=1 -I/usr/local/include -fvisibility=hidden -pthread -no-cpp-precomp -fno-common -g -O2 -fno-strict-aliasing -MT libmicrohttpd_la-mhd_str.lo -MD -MP -MF .deps/libmicrohttpd_la-mhd_str.Tpo -c mhd_str.c  -fno-common -DPIC -o .libs/libmicrohttpd_la-mhd_str.o
libtool: compile:  gcc -DHAVE_CONFIG_H -I. -I../.. -I../../src/include -I../../src/microhttpd -DBUILDING_MHD_LIB=1 -I/usr/local/include -fvisibility=hidden -pthread -no-cpp-precomp -fno-common -g -O2 -fno-strict-aliasing -MT libmicrohttpd_la-mhd_str.lo -MD -MP -MF .deps/libmicrohttpd_la-mhd_str.Tpo -c mhd_str.c -o libmicrohttpd_la-mhd_str.o >/dev/null 2>&1
libtool: compile:  gcc -DHAVE_CONFIG_H -I. -I../.. -I../../src/include -I../../src/microhttpd -DBUILDING_MHD_LIB=1 -I/usr/local/include -fvisibility=hidden -pthread -no-cpp-precomp -fno-common -g -O2 -fno-strict-aliasing -MT libmicrohttpd_la-mhd_sockets.lo -MD -MP -MF .deps/libmicrohttpd_la-mhd_sockets.Tpo -c mhd_sockets.c  -fno-common -DPIC -o .libs/libmicrohttpd_la-mhd_sockets.o
libtool: compile:  gcc -DHAVE_CONFIG_H -I. -I../.. -I../../src/include -I../../src/microhttpd -DBUILDING_MHD_LIB=1 -I/usr/local/include -fvisibility=hidden -pthread -no-cpp-precomp -fno-common -g -O2 -fno-strict-aliasing -MT libmicrohttpd_la-mhd_sockets.lo -MD -MP -MF .deps/libmicrohttpd_la-mhd_sockets.Tpo -c mhd_sockets.c -o libmicrohttpd_la-mhd_sockets.o >/dev/null 2>&1
libtool: compile:  gcc -DHAVE_CONFIG_H -I. -I../.. -I../../src/include -I../../src/microhttpd -DBUILDING_MHD_LIB=1 -I/usr/local/include -fvisibility=hidden -pthread -no-cpp-precomp -fno-common -g -O2 -fno-strict-aliasing -MT libmicrohttpd_la-mhd_itc.lo -MD -MP -MF .deps/libmicrohttpd_la-mhd_itc.Tpo -c mhd_itc.c  -fno-common -DPIC -o .libs/libmicrohttpd_la-mhd_itc.o
libtool: compile:  gcc -DHAVE_CONFIG_H -I. -I../.. -I../../src/include -I../../src/microhttpd -DBUILDING_MHD_LIB=1 -I/usr/local/include -fvisibility=hidden -pthread -no-cpp-precomp -fno-common -g -O2 -fno-strict-aliasing -MT libmicrohttpd_la-mhd_itc.lo -MD -MP -MF .deps/libmicrohttpd_la-mhd_itc.Tpo -c mhd_itc.c -o libmicrohttpd_la-mhd_itc.o >/dev/null 2>&1
libtool: compile:  gcc -DHAVE_CONFIG_H -I. -I../.. -I../../src/include -I../../src/microhttpd -DBUILDING_MHD_LIB=1 -I/usr/local/include -fvisibility=hidden -pthread -no-cpp-precomp -fno-common -g -O2 -fno-strict-aliasing -MT libmicrohttpd_la-mhd_compat.lo -MD -MP -MF .deps/libmicrohttpd_la-mhd_compat.Tpo -c mhd_compat.c  -fno-common -DPIC -o .libs/libmicrohttpd_la-mhd_compat.o
libtool: compile:  gcc -DHAVE_CONFIG_H -I. -I../.. -I../../src/include -I../../src/microhttpd -DBUILDING_MHD_LIB=1 -I/usr/local/include -fvisibility=hidden -pthread -no-cpp-precomp -fno-common -g -O2 -fno-strict-aliasing -MT libmicrohttpd_la-mhd_compat.lo -MD -MP -MF .deps/libmicrohttpd_la-mhd_compat.Tpo -c mhd_compat.c -o libmicrohttpd_la-mhd_compat.o >/dev/null 2>&1
libtool: compile:  gcc -DHAVE_CONFIG_H -I. -I../.. -I../../src/include -I../../src/microhttpd -DBUILDING_MHD_LIB=1 -I/usr/local/include -fvisibility=hidden -pthread -no-cpp-precomp -fno-common -g -O2 -fno-strict-aliasing -MT libmicrohttpd_la-response.lo -MD -MP -MF .deps/libmicrohttpd_la-response.Tpo -c response.c  -fno-common -DPIC -o .libs/libmicrohttpd_la-response.o
libtool: compile:  gcc -DHAVE_CONFIG_H -I. -I../.. -I../../src/include -I../../src/microhttpd -DBUILDING_MHD_LIB=1 -I/usr/local/include -fvisibility=hidden -pthread -no-cpp-precomp -fno-common -g -O2 -fno-strict-aliasing -MT libmicrohttpd_la-response.lo -MD -MP -MF .deps/libmicrohttpd_la-response.Tpo -c response.c -o libmicrohttpd_la-response.o >/dev/null 2>&1
libtool: compile:  gcc -DHAVE_CONFIG_H -I. -I../.. -I../../src/include -I../../src/microhttpd -DBUILDING_MHD_LIB=1 -I/usr/local/include -fvisibility=hidden -pthread -no-cpp-precomp -fno-common -g -O2 -fno-strict-aliasing -MT libmicrohttpd_la-mhd_threads.lo -MD -MP -MF .deps/libmicrohttpd_la-mhd_threads.Tpo -c mhd_threads.c  -fno-common -DPIC -o .libs/libmicrohttpd_la-mhd_threads.o
libtool: compile:  gcc -DHAVE_CONFIG_H -I. -I../.. -I../../src/include -I../../src/microhttpd -DBUILDING_MHD_LIB=1 -I/usr/local/include -fvisibility=hidden -pthread -no-cpp-precomp -fno-common -g -O2 -fno-strict-aliasing -MT libmicrohttpd_la-mhd_threads.lo -MD -MP -MF .deps/libmicrohttpd_la-mhd_threads.Tpo -c mhd_threads.c -o libmicrohttpd_la-mhd_threads.o >/dev/null 2>&1
libtool: compile:  gcc -DHAVE_CONFIG_H -I. -I../.. -I../../src/include -I../../src/microhttpd -DBUILDING_MHD_LIB=1 -I/usr/local/include -fvisibility=hidden -pthread -no-cpp-precomp -fno-common -g -O2 -fno-strict-aliasing -MT libmicrohttpd_la-digestauth.lo -MD -MP -MF .deps/libmicrohttpd_la-digestauth.Tpo -c digestauth.c  -fno-common -DPIC -o .libs/libmicrohttpd_la-digestauth.o
libtool: compile:  gcc -DHAVE_CONFIG_H -I. -I../.. -I../../src/include -I../../src/microhttpd -DBUILDING_MHD_LIB=1 -I/usr/local/include -fvisibility=hidden -pthread -no-cpp-precomp -fno-common -g -O2 -fno-strict-aliasing -MT libmicrohttpd_la-digestauth.lo -MD -MP -MF .deps/libmicrohttpd_la-digestauth.Tpo -c digestauth.c -o libmicrohttpd_la-digestauth.o >/dev/null 2>&1
libtool: compile:  gcc -DHAVE_CONFIG_H -I. -I../.. -I../../src/include -I../../src/microhttpd -DBUILDING_MHD_LIB=1 -I/usr/local/include -fvisibility=hidden -pthread -no-cpp-precomp -fno-common -g -O2 -fno-strict-aliasing -MT libmicrohttpd_la-md5.lo -MD -MP -MF .deps/libmicrohttpd_la-md5.Tpo -c md5.c  -fno-common -DPIC -o .libs/libmicrohttpd_la-md5.o
libtool: compile:  gcc -DHAVE_CONFIG_H -I. -I../.. -I../../src/include -I../../src/microhttpd -DBUILDING_MHD_LIB=1 -I/usr/local/include -fvisibility=hidden -pthread -no-cpp-precomp -fno-common -g -O2 -fno-strict-aliasing -MT libmicrohttpd_la-md5.lo -MD -MP -MF .deps/libmicrohttpd_la-md5.Tpo -c md5.c -o libmicrohttpd_la-md5.o >/dev/null 2>&1
libtool: compile:  gcc -DHAVE_CONFIG_H -I. -I../.. -I../../src/include -I../../src/microhttpd -DBUILDING_MHD_LIB=1 -I/usr/local/include -fvisibility=hidden -pthread -no-cpp-precomp -fno-common -g -O2 -fno-strict-aliasing -MT libmicrohttpd_la-sha256.lo -MD -MP -MF .deps/libmicrohttpd_la-sha256.Tpo -c sha256.c  -fno-common -DPIC -o .libs/libmicrohttpd_la-sha256.o
libtool: compile:  gcc -DHAVE_CONFIG_H -I. -I../.. -I../../src/include -I../../src/microhttpd -DBUILDING_MHD_LIB=1 -I/usr/local/include -fvisibility=hidden -pthread -no-cpp-precomp -fno-common -g -O2 -fno-strict-aliasing -MT libmicrohttpd_la-sha256.lo -MD -MP -MF .deps/libmicrohttpd_la-sha256.Tpo -c sha256.c -o libmicrohttpd_la-sha256.o >/dev/null 2>&1
libtool: compile:  gcc -DHAVE_CONFIG_H -I. -I../.. -I../../src/include -I../../src/microhttpd -DBUILDING_MHD_LIB=1 -I/usr/local/include -fvisibility=hidden -pthread -no-cpp-precomp -fno-common -g -O2 -fno-strict-aliasing -MT libmicrohttpd_la-basicauth.lo -MD -MP -MF .deps/libmicrohttpd_la-basicauth.Tpo -c basicauth.c  -fno-common -DPIC -o .libs/libmicrohttpd_la-basicauth.o
libtool: compile:  gcc -DHAVE_CONFIG_H -I. -I../.. -I../../src/include -I../../src/microhttpd -DBUILDING_MHD_LIB=1 -I/usr/local/include -fvisibility=hidden -pthread -no-cpp-precomp -fno-common -g -O2 -fno-strict-aliasing -MT libmicrohttpd_la-basicauth.lo -MD -MP -MF .deps/libmicrohttpd_la-basicauth.Tpo -c basicauth.c -o libmicrohttpd_la-basicauth.o >/dev/null 2>&1
libtool: compile:  gcc -DHAVE_CONFIG_H -I. -I../.. -I../../src/include -I../../src/microhttpd -DBUILDING_MHD_LIB=1 -I/usr/local/include -fvisibility=hidden -pthread -no-cpp-precomp -fno-common -g -O2 -fno-strict-aliasing -MT libmicrohttpd_la-base64.lo -MD -MP -MF .deps/libmicrohttpd_la-base64.Tpo -c base64.c  -fno-common -DPIC -o .libs/libmicrohttpd_la-base64.o
libtool: compile:  gcc -DHAVE_CONFIG_H -I. -I../.. -I../../src/include -I../../src/microhttpd -DBUILDING_MHD_LIB=1 -I/usr/local/include -fvisibility=hidden -pthread -no-cpp-precomp -fno-common -g -O2 -fno-strict-aliasing -MT libmicrohttpd_la-base64.lo -MD -MP -MF .deps/libmicrohttpd_la-base64.Tpo -c base64.c -o libmicrohttpd_la-base64.o >/dev/null 2>&1
libtool: link: gcc -dynamiclib  -o .libs/libmicrohttpd.12.dylib  .libs/libmicrohttpd_la-connection.o .libs/libmicrohttpd_la-reason_phrase.o .libs/libmicrohttpd_la-daemon.o .libs/libmicrohttpd_la-internal.o .libs/libmicrohttpd_la-memorypool.o .libs/libmicrohttpd_la-mhd_mono_clock.o .libs/libmicrohttpd_la-sysfdsetsize.o .libs/libmicrohttpd_la-mhd_str.o .libs/libmicrohttpd_la-mhd_sockets.o .libs/libmicrohttpd_la-mhd_itc.o .libs/libmicrohttpd_la-mhd_compat.o .libs/libmicrohttpd_la-response.o .libs/libmicrohttpd_la-mhd_threads.o .libs/libmicrohttpd_la-digestauth.o .libs/libmicrohttpd_la-md5.o .libs/libmicrohttpd_la-sha256.o .libs/libmicrohttpd_la-basicauth.o .libs/libmicrohttpd_la-base64.o    -pthread -g -O2   -pthread -install_name  /usr/local/lib/libmicrohttpd.12.dylib -compatibility_version 63 -current_version 63.0 
libtool: link: (cd ".libs" && rm -f "libmicrohttpd.dylib" && ln -s "libmicrohttpd.12.dylib" "libmicrohttpd.dylib")
libtool: link: ar cru .libs/libmicrohttpd.a  libmicrohttpd_la-connection.o libmicrohttpd_la-reason_phrase.o libmicrohttpd_la-daemon.o libmicrohttpd_la-internal.o libmicrohttpd_la-memorypool.o libmicrohttpd_la-mhd_mono_clock.o libmicrohttpd_la-sysfdsetsize.o libmicrohttpd_la-mhd_str.o libmicrohttpd_la-mhd_sockets.o libmicrohttpd_la-mhd_itc.o libmicrohttpd_la-mhd_compat.o libmicrohttpd_la-response.o libmicrohttpd_la-mhd_threads.o libmicrohttpd_la-digestauth.o libmicrohttpd_la-md5.o libmicrohttpd_la-sha256.o libmicrohttpd_la-basicauth.o libmicrohttpd_la-base64.o
libtool: link: ranlib .libs/libmicrohttpd.a
libtool: link: ( cd ".libs" && rm -f "libmicrohttpd.la" && ln -s "../libmicrohttpd.la" "libmicrohttpd.la" )
Making all in .
Making all in examples
Making all in .
libtool: link: gcc -no-cpp-precomp -fno-common -g -O2 -fno-strict-aliasing -o .libs/benchmark benchmark-benchmark.o  ../../src/microhttpd/.libs/libmicrohttpd.dylib -pthread
libtool: link: gcc -no-cpp-precomp -fno-common -g -O2 -fno-strict-aliasing -o .libs/benchmark_https benchmark_https-benchmark_https.o  ../../src/microhttpd/.libs/libmicrohttpd.dylib -pthread
libtool: link: gcc -no-cpp-precomp -fno-common -g -O2 -fno-strict-aliasing -o .libs/chunked_example chunked_example.o  ../../src/microhttpd/.libs/libmicrohttpd.dylib -pthread
libtool: link: gcc -no-cpp-precomp -fno-common -g -O2 -fno-strict-aliasing -o .libs/minimal_example minimal_example.o  ../../src/microhttpd/.libs/libmicrohttpd.dylib -pthread
libtool: link: gcc -no-cpp-precomp -fno-common -g -O2 -fno-strict-aliasing -o .libs/dual_stack_example dual_stack_example.o  ../../src/microhttpd/.libs/libmicrohttpd.dylib -pthread
libtool: link: gcc -no-cpp-precomp -fno-common -g -O2 -fno-strict-aliasing -o .libs/minimal_example_comet minimal_example_comet.o  ../../src/microhttpd/.libs/libmicrohttpd.dylib -pthread
libtool: link: gcc -no-cpp-precomp -fno-common -g -O2 -fno-strict-aliasing -o .libs/querystring_example querystring_example.o  ../../src/microhttpd/.libs/libmicrohttpd.dylib -pthread
libtool: link: gcc -no-cpp-precomp -fno-common -g -O2 -fno-strict-aliasing -o .libs/timeout timeout.o  ../../src/microhttpd/.libs/libmicrohttpd.dylib -pthread
libtool: link: gcc -no-cpp-precomp -fno-common -g -O2 -fno-strict-aliasing -o .libs/fileserver_example fileserver_example.o  ../../src/microhttpd/.libs/libmicrohttpd.dylib -pthread
libtool: link: gcc -no-cpp-precomp -fno-common -g -O2 -fno-strict-aliasing -o .libs/fileserver_example_dirs fileserver_example_dirs.o  ../../src/microhttpd/.libs/libmicrohttpd.dylib -pthread
libtool: link: gcc -no-cpp-precomp -fno-common -g -O2 -fno-strict-aliasing -o .libs/fileserver_example_external_select fileserver_example_external_select.o  ../../src/microhttpd/.libs/libmicrohttpd.dylib -pthread
libtool: link: gcc -no-cpp-precomp -fno-common -g -O2 -fno-strict-aliasing -o .libs/refuse_post_example refuse_post_example.o  ../../src/microhttpd/.libs/libmicrohttpd.dylib -pthread
libtool: link: gcc -no-cpp-precomp -fno-common -g -O2 -fno-strict-aliasing -o .libs/digest_auth_example digest_auth_example.o  ../../src/microhttpd/.libs/libmicrohttpd.dylib -pthread
libtool: link: gcc -no-cpp-precomp -fno-common -g -O2 -fno-strict-aliasing -o .libs/authorization_example authorization_example.o  ../../src/microhttpd/.libs/libmicrohttpd.dylib -pthread
libtool: link: gcc -pthread -no-cpp-precomp -fno-common -g -O2 -fno-strict-aliasing -o .libs/upgrade_example upgrade_example-upgrade_example.o  ../../src/microhttpd/.libs/libmicrohttpd.dylib -pthread
libtool: link: gcc -no-cpp-precomp -fno-common -g -O2 -fno-strict-aliasing -o .libs/http_compression http_compression.o  ../../src/microhttpd/.libs/libmicrohttpd.dylib -lz -pthread
Making all in .
Making all in po
Making all in doc
Making all in .
Making all in doxygen
-e Generate documentation:
 	make full - full documentation with dependency graphs (slow)
 	make fast - fast mode without dependency graphs
Making all in examples
Making all in .
libtool: link: gcc -no-cpp-precomp -fno-common -g -O2 -fno-strict-aliasing -o .libs/basicauthentication basicauthentication.o  ../../src/microhttpd/.libs/libmicrohttpd.dylib -pthread
libtool: link: gcc -no-cpp-precomp -fno-common -g -O2 -fno-strict-aliasing -o .libs/hellobrowser hellobrowser.o  ../../src/microhttpd/.libs/libmicrohttpd.dylib -pthread
libtool: link: gcc -no-cpp-precomp -fno-common -g -O2 -fno-strict-aliasing -o .libs/logging logging.o  ../../src/microhttpd/.libs/libmicrohttpd.dylib -pthread
libtool: link: gcc -no-cpp-precomp -fno-common -g -O2 -fno-strict-aliasing -o .libs/responseheaders responseheaders.o  ../../src/microhttpd/.libs/libmicrohttpd.dylib -pthread
