-- The CXX compiler identification is AppleClang 16.0.0.16000026
-- The C compiler identification is AppleClang 16.0.0.16000026
-- The ASM compiler identification is AppleClang
-- Found assembler: /Applications/Xcode.app/Contents/Developer/Toolchains/XcodeDefault.xctoolchain/usr/bin/cc
-- Detecting CXX compiler ABI info
-- Detecting CXX compiler ABI info - done
-- Check for working CXX compiler: /Applications/Xcode.app/Contents/Developer/Toolchains/XcodeDefault.xctoolchain/usr/bin/c++ - skipped
-- Detecting CXX compile features
-- Detecting CXX compile features - done
-- Detecting C compiler ABI info
-- Detecting C compiler ABI info - done
-- Check for working C compiler: /Applications/Xcode.app/Contents/Developer/Toolchains/XcodeDefault.xctoolchain/usr/bin/cc - skipped
-- Detecting C compile features
-- Detecting C compile features - done
-- Found Git: /usr/local/bin/git (found version "2.48.1")
-- Performing Test HAVE_OMIT_LEAF_FRAME_POINTER
-- Performing Test HAVE_OMIT_LEAF_FRAME_POINTER - Success
-- Performing Test HAVE_SSE42
-- Performing Test HAVE_SSE42 - Success
-- Performing Test BUILTIN_ATOMIC
-- Performing Test BUILTIN_ATOMIC - Success
-- Could NOT find uring (missing: uring_LIBRARIES uring_INCLUDE_DIR) 
-- Performing Test HAVE_THREAD_LOCAL
-- Performing Test HAVE_THREAD_LOCAL - Success
-- Enabling RTTI
-- Performing Test HAVE_FALLOCATE
-- Performing Test HAVE_FALLOCATE - Failed
-- Performing Test HAVE_SYNC_FILE_RANGE_WRITE
-- Performing Test HAVE_SYNC_FILE_RANGE_WRITE - Failed
-- Performing Test HAVE_PTHREAD_MUTEX_ADAPTIVE_NP
-- Performing Test HAVE_PTHREAD_MUTEX_ADAPTIVE_NP - Failed
-- Looking for malloc_usable_size
-- Looking for malloc_usable_size - not found
-- Looking for sched_getcpu
-- Looking for sched_getcpu - not found
-- Looking for getauxval
-- Looking for getauxval - not found
-- Looking for F_FULLFSYNC
-- Looking for F_FULLFSYNC - found
-- Performing Test CMAKE_HAVE_LIBC_PTHREAD
-- Performing Test CMAKE_HAVE_LIBC_PTHREAD - Success
-- Found Threads: TRUE
-- ROCKSDB_PLUGINS: 
-- JNI library is disabled
-- Configuring done (5.9s)
-- Generating done (0.2s)
-- Build files have been written to: /Users/hanallen/go/src/fisco/FISCO-BCOS/deps/src/rocksdb
