...found 9 targets...
...updating 4 targets...
darwin.compile.c++ libs/config/checks/architecture/bin/darwin-16.0.0/debug/32.o
warning: unknown warning option '-Wno-long-double'; did you mean '-Wno-long-long'? [-Wunknown-warning-option]
libs/config/checks/architecture/32.cpp:9:10: error: 'test' declared as an array with a negative size
    9 | int test[sizeof(void*) == 4? 1 : -1];
      |          ^~~~~~~~~~~~~~~~~~~~~~~~~~
1 warning and 1 error generated.

    "g++"   -fPIC -O0 -fno-inline -Wall -g -dynamic -gdwarf-2 -fexceptions -Wno-long-double -march=x86-64 -mtune=generic -fvisibility=hidden -fvisibility-inlines-hidden    -c -o "libs/config/checks/architecture/bin/darwin-16.0.0/debug/32.o" "libs/config/checks/architecture/32.cpp"

...failed darwin.compile.c++ libs/config/checks/architecture/bin/darwin-16.0.0/debug/32.o...
...failed updating 1 target...
...updated 3 targets...
...found 2 targets...
...updating 1 target...
darwin.compile.c++ libs/config/checks/architecture/bin/darwin-16.0.0/debug/64.o
warning: unknown warning option '-Wno-long-double'; did you mean '-Wno-long-long'? [-Wunknown-warning-option]
1 warning generated.
...updated 1 target...
...found 2 targets...
...updating 1 target...
darwin.compile.c++ libs/config/checks/architecture/bin/darwin-16.0.0/debug/arm.o
warning: unknown warning option '-Wno-long-double'; did you mean '-Wno-long-long'? [-Wunknown-warning-option]
libs/config/checks/architecture/arm.cpp:13:2: error: "Not ARM"
   13 | #error "Not ARM"
      |  ^
1 warning and 1 error generated.

    "g++"   -fPIC -O0 -fno-inline -Wall -g -dynamic -gdwarf-2 -fexceptions -Wno-long-double -march=x86-64 -mtune=generic -fvisibility=hidden -fvisibility-inlines-hidden    -c -o "libs/config/checks/architecture/bin/darwin-16.0.0/debug/arm.o" "libs/config/checks/architecture/arm.cpp"

...failed darwin.compile.c++ libs/config/checks/architecture/bin/darwin-16.0.0/debug/arm.o...
...failed updating 1 target...
...found 2 targets...
...updating 1 target...
darwin.compile.c++ libs/config/checks/architecture/bin/darwin-16.0.0/debug/mips1.o
warning: unknown warning option '-Wno-long-double'; did you mean '-Wno-long-long'? [-Wunknown-warning-option]
libs/config/checks/architecture/mips1.cpp:10:2: error: "Not MIPS1"
   10 | #error "Not MIPS1"
      |  ^
1 warning and 1 error generated.

    "g++"   -fPIC -O0 -fno-inline -Wall -g -dynamic -gdwarf-2 -fexceptions -Wno-long-double -march=x86-64 -mtune=generic -fvisibility=hidden -fvisibility-inlines-hidden    -c -o "libs/config/checks/architecture/bin/darwin-16.0.0/debug/mips1.o" "libs/config/checks/architecture/mips1.cpp"

...failed darwin.compile.c++ libs/config/checks/architecture/bin/darwin-16.0.0/debug/mips1.o...
...failed updating 1 target...
...found 2 targets...
...updating 1 target...
darwin.compile.c++ libs/config/checks/architecture/bin/darwin-16.0.0/debug/power.o
warning: unknown warning option '-Wno-long-double'; did you mean '-Wno-long-long'? [-Wunknown-warning-option]
libs/config/checks/architecture/power.cpp:13:2: error: "Not PPC"
   13 | #error "Not PPC"
      |  ^
1 warning and 1 error generated.

    "g++"   -fPIC -O0 -fno-inline -Wall -g -dynamic -gdwarf-2 -fexceptions -Wno-long-double -march=x86-64 -mtune=generic -fvisibility=hidden -fvisibility-inlines-hidden    -c -o "libs/config/checks/architecture/bin/darwin-16.0.0/debug/power.o" "libs/config/checks/architecture/power.cpp"

...failed darwin.compile.c++ libs/config/checks/architecture/bin/darwin-16.0.0/debug/power.o...
...failed updating 1 target...
...found 2 targets...
...updating 1 target...
darwin.compile.c++ libs/config/checks/architecture/bin/darwin-16.0.0/debug/sparc.o
warning: unknown warning option '-Wno-long-double'; did you mean '-Wno-long-long'? [-Wunknown-warning-option]
libs/config/checks/architecture/sparc.cpp:10:2: error: "Not SPARC"
   10 | #error "Not SPARC"
      |  ^
1 warning and 1 error generated.

    "g++"   -fPIC -O0 -fno-inline -Wall -g -dynamic -gdwarf-2 -fexceptions -Wno-long-double -march=x86-64 -mtune=generic -fvisibility=hidden -fvisibility-inlines-hidden    -c -o "libs/config/checks/architecture/bin/darwin-16.0.0/debug/sparc.o" "libs/config/checks/architecture/sparc.cpp"

...failed darwin.compile.c++ libs/config/checks/architecture/bin/darwin-16.0.0/debug/sparc.o...
...failed updating 1 target...
...found 2 targets...
...updating 1 target...
darwin.compile.c++ libs/config/checks/architecture/bin/darwin-16.0.0/debug/x86.o
warning: unknown warning option '-Wno-long-double'; did you mean '-Wno-long-long'? [-Wunknown-warning-option]
1 warning generated.
...updated 1 target...
...found 3 targets...
...updating 3 targets...
link.touch bin.v2/test-symlink-source
link.mklink bin.v2/test-symlink
...updated 3 targets...
...found 10 targets...
...updating 8 targets...
darwin.compile.c++ bin.v2/standalone/ac/darwin-16.0.0/release/link-static/threading-multi/zlib_h.o
warning: unknown warning option '-Wno-long-double'; did you mean '-Wno-long-long'? [-Wunknown-warning-option]
1 warning generated.
...updated 8 targets...
...found 5 targets...
...updating 3 targets...
darwin.compile.c++ bin.v2/standalone/ac/darwin-16.0.0/release/link-static/threading-multi/main-z.o
warning: unknown warning option '-Wno-long-double'; did you mean '-Wno-long-long'? [-Wunknown-warning-option]
1 warning generated.
darwin.link bin.v2/standalone/ac/darwin-16.0.0/release/link-static/threading-multi/z
ld: warning: option '-no_dead_strip_inits_and_terms' is obsolete, use '-dead_strip' instead
...updated 3 targets...
...patience...
...found 214 targets...
...updating 8 targets...
darwin.compile.c++ bin.v2/libs/log/config/atomic-int32/darwin-16.0.0/debug/pch-off/atomic_int32.o
warning: unknown warning option '-Wno-long-double'; did you mean '-Wno-long-long'? [-Wunknown-warning-option]
In file included from libs/log/config/atomic-int32/atomic_int32.cpp:8:
In file included from ./boost/atomic.hpp:12:
In file included from ./boost/atomic/atomic.hpp:22:
In file included from ./boost/atomic/detail/atomic_template.hpp:32:
In file included from ./boost/atomic/detail/type_traits/is_trivially_default_constructible.hpp:21:
./boost/type_traits/has_trivial_constructor.hpp:41:69: warning: builtin __has_trivial_constructor is deprecated; use __is_trivially_constructible instead [-Wdeprecated-builtins]
   41 |    : public integral_constant <bool, ((::boost::is_pod<T>::value || BOOST_HAS_TRIVIAL_CONSTRUCTOR(T)) BOOST_TT_TRIVIAL_CONSTRUCT_FIX)>{};
      |                                                                     ^
./boost/type_traits/intrinsics.hpp:187:47: note: expanded from macro 'BOOST_HAS_TRIVIAL_CONSTRUCTOR'
  187 | #     define BOOST_HAS_TRIVIAL_CONSTRUCTOR(T) __has_trivial_constructor(T)
      |                                               ^
2 warnings generated.
...updated 8 targets...
...found 7 targets...
...updating 5 targets...
darwin.compile.c++ bin.v2/libs/log/config/native-syslog/darwin-16.0.0/debug/pch-off/native_syslog.o
warning: unknown warning option '-Wno-long-double'; did you mean '-Wno-long-long'? [-Wunknown-warning-option]
1 warning generated.
...updated 5 targets...
...found 6 targets...
...updating 5 targets...
darwin.compile.c++ bin.v2/libs/log/config/pthread-mutex-robust/darwin-16.0.0/debug/pch-off/pthread_mutex_robust.o
warning: unknown warning option '-Wno-long-double'; did you mean '-Wno-long-long'? [-Wunknown-warning-option]
libs/log/config/pthread-mutex-robust/pthread_mutex_robust.cpp:17:40: error: use of undeclared identifier 'PTHREAD_MUTEX_ROBUST'
   17 |     pthread_mutexattr_setrobust(&attr, PTHREAD_MUTEX_ROBUST);
      |                                        ^
libs/log/config/pthread-mutex-robust/pthread_mutex_robust.cpp:26:15: error: use of undeclared identifier 'pthread_mutex_consistent'; did you mean 'pthread_mutex_destroy'?
   26 |         err = pthread_mutex_consistent(&m);
      |               ^~~~~~~~~~~~~~~~~~~~~~~~
      |               pthread_mutex_destroy
/Applications/Xcode.app/Contents/Developer/Platforms/MacOSX.platform/Developer/SDKs/MacOSX.sdk/usr/include/pthread.h:381:5: note: 'pthread_mutex_destroy' declared here
  381 | int pthread_mutex_destroy(pthread_mutex_t *);
      |     ^
1 warning and 2 errors generated.

    "g++"   -fPIC -m64 -O0 -fno-inline -Wall -g -dynamic -gdwarf-2 -fexceptions -Wno-long-double -march=x86-64 -mtune=generic -fvisibility=hidden -fvisibility-inlines-hidden -DBOOST_ALL_NO_LIB=1  -I"." -c -o "bin.v2/libs/log/config/pthread-mutex-robust/darwin-16.0.0/debug/pch-off/pthread_mutex_robust.o" "libs/log/config/pthread-mutex-robust/pthread_mutex_robust.cpp"

...failed darwin.compile.c++ bin.v2/libs/log/config/pthread-mutex-robust/darwin-16.0.0/debug/pch-off/pthread_mutex_robust.o...
...failed updating 1 target...
...updated 4 targets...
...found 6 targets...
...updating 5 targets...
darwin.compile.c++ bin.v2/libs/log/config/visibility/darwin-16.0.0/debug/pch-off/visibility.o
error: unknown warning option '-Wno-long-double'; did you mean '-Wno-long-long'? [-Werror,-Wunknown-warning-option]

    "g++"   -fPIC -m64 -O0 -fno-inline -Wall -pedantic -Werror -g -dynamic -gdwarf-2 -fexceptions -Wno-long-double -Wno-long-long -fvisibility=hidden -march=x86-64 -mtune=generic -fvisibility=hidden -fvisibility-inlines-hidden -DBOOST_ALL_NO_LIB=1  -I"." -c -o "bin.v2/libs/log/config/visibility/darwin-16.0.0/debug/pch-off/visibility.o" "libs/log/config/visibility/visibility.cpp"

...failed darwin.compile.c++ bin.v2/libs/log/config/visibility/darwin-16.0.0/debug/pch-off/visibility.o...
...failed updating 1 target...
...updated 4 targets...
...found 7 targets...
...updating 5 targets...
darwin.compile.c++ bin.v2/libs/log/config/x86-ext/darwin-16.0.0/debug/pch-off/ssse3.o
warning: unknown warning option '-Wno-long-double'; did you mean '-Wno-long-long'? [-Wunknown-warning-option]
libs/log/config/x86-ext/ssse3.cpp:13:27: error: '__builtin_ia32_palignr128' needs target feature ssse3
   13 |     mm = _mm_shuffle_epi8(_mm_alignr_epi8(mm, mm, 10), mm);
      |                           ^
/Applications/Xcode.app/Contents/Developer/Toolchains/XcodeDefault.xctoolchain/usr/lib/clang/16/include/tmmintrin.h:152:13: note: expanded from macro '_mm_alignr_epi8'
  152 |   ((__m128i)__builtin_ia32_palignr128((__v16qi)(__m128i)(a), \
      |             ^
libs/log/config/x86-ext/ssse3.cpp:13:10: error: always_inline function '_mm_shuffle_epi8' requires target feature 'ssse3', but would be inlined into function 'main' that is compiled without support for 'ssse3'
   13 |     mm = _mm_shuffle_epi8(_mm_alignr_epi8(mm, mm, 10), mm);
      |          ^
1 warning and 2 errors generated.

    "g++"   -fPIC -m64 -O0 -fno-inline -Wall -g -dynamic -gdwarf-2 -fexceptions -Wno-long-double -march=x86-64 -mtune=generic -fvisibility=hidden -fvisibility-inlines-hidden -DBOOST_ALL_NO_LIB=1  -I"." -c -o "bin.v2/libs/log/config/x86-ext/darwin-16.0.0/debug/pch-off/ssse3.o" "libs/log/config/x86-ext/ssse3.cpp"

...failed darwin.compile.c++ bin.v2/libs/log/config/x86-ext/darwin-16.0.0/debug/pch-off/ssse3.o...
...failed updating 1 target...
...updated 4 targets...
...found 3 targets...
...updating 1 target...
darwin.compile.c++ bin.v2/libs/log/config/x86-ext/darwin-16.0.0/debug/pch-off/avx2.o
warning: unknown warning option '-Wno-long-double'; did you mean '-Wno-long-long'? [-Wunknown-warning-option]
libs/log/config/x86-ext/avx2.cpp:12:18: error: always_inline function '_mm256_setzero_si256' requires target feature 'avx', but would be inlined into function 'main' that is compiled without support for 'avx'
   12 |     __m256i mm = _mm256_setzero_si256();
      |                  ^
libs/log/config/x86-ext/avx2.cpp:12:18: error: AVX vector return of type '__m256i' (vector of 4 'long long' values) without 'avx' enabled changes the ABI
libs/log/config/x86-ext/avx2.cpp:13:30: error: '__builtin_ia32_palignr256' needs target feature avx2
   13 |     mm = _mm256_shuffle_epi8(_mm256_alignr_epi8(mm, mm, 10), mm);
      |                              ^
/Applications/Xcode.app/Contents/Developer/Toolchains/XcodeDefault.xctoolchain/usr/lib/clang/16/include/avx2intrin.h:435:13: note: expanded from macro '_mm256_alignr_epi8'
  435 |   ((__m256i)__builtin_ia32_palignr256((__v32qi)(__m256i)(a), \
      |             ^
libs/log/config/x86-ext/avx2.cpp:13:10: error: always_inline function '_mm256_shuffle_epi8' requires target feature 'avx2', but would be inlined into function 'main' that is compiled without support for 'avx2'
   13 |     mm = _mm256_shuffle_epi8(_mm256_alignr_epi8(mm, mm, 10), mm);
      |          ^
libs/log/config/x86-ext/avx2.cpp:13:10: error: AVX vector argument of type '__m256i' (vector of 4 'long long' values) without 'avx' enabled changes the ABI
libs/log/config/x86-ext/avx2.cpp:14:5: error: always_inline function '_mm256_zeroupper' requires target feature 'avx', but would be inlined into function 'main' that is compiled without support for 'avx'
   14 |     _mm256_zeroupper();
      |     ^
1 warning and 6 errors generated.

    "g++"   -fPIC -m64 -O0 -fno-inline -Wall -g -dynamic -gdwarf-2 -fexceptions -Wno-long-double -march=x86-64 -mtune=generic -fvisibility=hidden -fvisibility-inlines-hidden -DBOOST_ALL_NO_LIB=1  -I"." -c -o "bin.v2/libs/log/config/x86-ext/darwin-16.0.0/debug/pch-off/avx2.o" "libs/log/config/x86-ext/avx2.cpp"

...failed darwin.compile.c++ bin.v2/libs/log/config/x86-ext/darwin-16.0.0/debug/pch-off/avx2.o...
...failed updating 1 target...
...found 23 targets...
...updating 7 targets...
darwin.compile.c++ bin.v2/libs/regex/build/darwin-16.0.0/debug/has_icu_test.o
warning: unknown warning option '-Wno-long-double'; did you mean '-Wno-long-long'? [-Wunknown-warning-option]
libs/regex/build/has_icu_test.cpp:15:10: fatal error: 'unicode/coll.h' file not found
   15 | #include <unicode/coll.h>
      |          ^~~~~~~~~~~~~~~~
1 warning and 1 error generated.

    "g++"   -fPIC -m64 -O0 -fno-inline -Wall -pedantic -g -dynamic -gdwarf-2 -fexceptions -Wno-long-double -Wno-long-long -march=x86-64 -mtune=generic -fvisibility=hidden -fvisibility-inlines-hidden -DBOOST_ALL_NO_LIB=1 -DBOOST_HAS_ICU=1  -I"." -c -o "bin.v2/libs/regex/build/darwin-16.0.0/debug/has_icu_test.o" "libs/regex/build/has_icu_test.cpp"

...failed darwin.compile.c++ bin.v2/libs/regex/build/darwin-16.0.0/debug/has_icu_test.o...
...skipped <pbin.v2/libs/regex/build/darwin-16.0.0/debug>has_icu for lack of <pbin.v2/libs/regex/build/darwin-16.0.0/debug>has_icu_test.o...
...skipped <pbin.v2/libs/regex/build/darwin-16.0.0/debug>has_icu.passed for lack of <pbin.v2/libs/regex/build/darwin-16.0.0/debug>has_icu...
...failed updating 1 target...
...skipped 2 targets...
...updated 4 targets...
...found 75 targets...
...updating 14 targets...
darwin.compile.c++ bin.v2/libs/thread/build/darwin-16.0.0/debug/threading-multi/has_atomic_flag_lockfree_test.o
warning: unknown warning option '-Wno-long-double'; did you mean '-Wno-long-long'? [-Wunknown-warning-option]
In file included from libs/thread/src/../build/has_atomic_flag_lockfree_test.cpp:6:
In file included from libs/thread/src/../build/../../../boost/atomic.hpp:12:
In file included from ./boost/atomic/atomic.hpp:22:
In file included from ./boost/atomic/detail/atomic_template.hpp:32:
In file included from ./boost/atomic/detail/type_traits/is_trivially_default_constructible.hpp:21:
./boost/type_traits/has_trivial_constructor.hpp:41:69: warning: builtin __has_trivial_constructor is deprecated; use __is_trivially_constructible instead [-Wdeprecated-builtins]
   41 |    : public integral_constant <bool, ((::boost::is_pod<T>::value || BOOST_HAS_TRIVIAL_CONSTRUCTOR(T)) BOOST_TT_TRIVIAL_CONSTRUCT_FIX)>{};
      |                                                                     ^
./boost/type_traits/intrinsics.hpp:187:47: note: expanded from macro 'BOOST_HAS_TRIVIAL_CONSTRUCTOR'
  187 | #     define BOOST_HAS_TRIVIAL_CONSTRUCTOR(T) __has_trivial_constructor(T)
      |                                               ^
2 warnings generated.
darwin.compile.c++ bin.v2/libs/system/build/darwin-16.0.0/debug/threading-multi/error_code.o
warning: unknown warning option '-Wno-long-double'; did you mean '-Wno-long-long'? [-Wunknown-warning-option]
1 warning generated.
darwin.link.dll bin.v2/libs/system/build/darwin-16.0.0/debug/threading-multi/libboost_system.dylib
ld: warning: -single_module is obsolete
darwin.link bin.v2/libs/thread/build/darwin-16.0.0/debug/threading-multi/has_atomic_flag_lockfree
...updated 14 targets...
...found 162 targets...
...updating 7 targets...
darwin.compile.c++ bin.v2/check/predef/darwin-16.0.0/debug/address-model-64/architecture-x86/predef_check_cc_09a06289f4560e2f553bb0cbbec71436.o
warning: unknown warning option '-Wno-long-double'; did you mean '-Wno-long-long'? [-Wunknown-warning-option]
In file included from /Users/hanallen/go/src/fisco/FISCO-BCOS/deps/src/boost/libs/predef/tools/check/predef_check_cc_as_cpp.cpp:7:
/Users/hanallen/go/src/fisco/FISCO-BCOS/deps/src/boost/libs/predef/tools/check/predef_check_cc.h:11:9: error: "FAILED"
   11 | #       error "FAILED"
      |         ^
1 warning and 1 error generated.

    "g++"   -fPIC -m64 -O0 -fno-inline -Wall -g -dynamic -gdwarf-2 -fexceptions -Wno-long-double -march=x86-64 -mtune=generic -fvisibility=hidden -fvisibility-inlines-hidden -DCHECK="BOOST_COMP_GNUC >= BOOST_VERSION_NUMBER(4,3,0)"  -I"/Users/hanallen/go/src/fisco/FISCO-BCOS/deps/src/boost/libs/predef/include" -c -o "bin.v2/check/predef/darwin-16.0.0/debug/address-model-64/architecture-x86/predef_check_cc_09a06289f4560e2f553bb0cbbec71436.o" "/Users/hanallen/go/src/fisco/FISCO-BCOS/deps/src/boost/libs/predef/tools/check/predef_check_cc_as_cpp.cpp"

...failed darwin.compile.c++ bin.v2/check/predef/darwin-16.0.0/debug/address-model-64/architecture-x86/predef_check_cc_09a06289f4560e2f553bb0cbbec71436.o...
...failed updating 1 target...
...updated 6 targets...
...found 1 target...
...updating 1 target...
config-cache.write bin.v2/project-cache.jam
...updated 1 target...
