[100%] Built target ff
Install the project...
-- Install configuration: "Release"
-- Up-to-date: /Users/hanallen/go/src/fisco/FISCO-BCOS/build/deps/include/libff
-- Up-to-date: /Users/hanallen/go/src/fisco/FISCO-BCOS/build/deps/include/libff/common
-- Up-to-date: /Users/hanallen/go/src/fisco/FISCO-BCOS/build/deps/include/libff/common/profiling.hpp
-- Up-to-date: /Users/hanallen/go/src/fisco/FISCO-BCOS/build/deps/include/libff/common/default_types
-- Up-to-date: /Users/hanallen/go/src/fisco/FISCO-BCOS/build/deps/include/libff/common/default_types/ec_pp.hpp
-- Up-to-date: /Users/hanallen/go/src/fisco/FISCO-BCOS/build/deps/include/libff/common/double.hpp
-- Up-to-date: /Users/hanallen/go/src/fisco/FISCO-BCOS/build/deps/include/libff/common/template_utils.hpp
-- Up-to-date: /Users/hanallen/go/src/fisco/FISCO-BCOS/build/deps/include/libff/common/utils.tcc
-- Up-to-date: /Users/hanallen/go/src/fisco/FISCO-BCOS/build/deps/include/libff/common/serialization.hpp
-- Up-to-date: /Users/hanallen/go/src/fisco/FISCO-BCOS/build/deps/include/libff/common/rng.tcc
-- Up-to-date: /Users/hanallen/go/src/fisco/FISCO-BCOS/build/deps/include/libff/common/rng.hpp
-- Up-to-date: /Users/hanallen/go/src/fisco/FISCO-BCOS/build/deps/include/libff/common/serialization.tcc
-- Up-to-date: /Users/hanallen/go/src/fisco/FISCO-BCOS/build/deps/include/libff/common/utils.hpp
-- Up-to-date: /Users/hanallen/go/src/fisco/FISCO-BCOS/build/deps/include/libff/algebra
-- Up-to-date: /Users/hanallen/go/src/fisco/FISCO-BCOS/build/deps/include/libff/algebra/exponentiation
-- Up-to-date: /Users/hanallen/go/src/fisco/FISCO-BCOS/build/deps/include/libff/algebra/exponentiation/exponentiation.hpp
-- Up-to-date: /Users/hanallen/go/src/fisco/FISCO-BCOS/build/deps/include/libff/algebra/exponentiation/exponentiation.tcc
-- Up-to-date: /Users/hanallen/go/src/fisco/FISCO-BCOS/build/deps/include/libff/algebra/fields
-- Up-to-date: /Users/hanallen/go/src/fisco/FISCO-BCOS/build/deps/include/libff/algebra/fields/fp12_2over3over2.hpp
-- Up-to-date: /Users/hanallen/go/src/fisco/FISCO-BCOS/build/deps/include/libff/algebra/fields/bigint.tcc
-- Up-to-date: /Users/hanallen/go/src/fisco/FISCO-BCOS/build/deps/include/libff/algebra/fields/fp3.hpp
-- Up-to-date: /Users/hanallen/go/src/fisco/FISCO-BCOS/build/deps/include/libff/algebra/fields/field_utils.tcc
-- Up-to-date: /Users/hanallen/go/src/fisco/FISCO-BCOS/build/deps/include/libff/algebra/fields/fp2.hpp
-- Up-to-date: /Users/hanallen/go/src/fisco/FISCO-BCOS/build/deps/include/libff/algebra/fields/fp6_3over2.tcc
-- Up-to-date: /Users/hanallen/go/src/fisco/FISCO-BCOS/build/deps/include/libff/algebra/fields/fp6_2over3.tcc
-- Up-to-date: /Users/hanallen/go/src/fisco/FISCO-BCOS/build/deps/include/libff/algebra/fields/fp4.hpp
-- Up-to-date: /Users/hanallen/go/src/fisco/FISCO-BCOS/build/deps/include/libff/algebra/fields/fp.hpp
-- Up-to-date: /Users/hanallen/go/src/fisco/FISCO-BCOS/build/deps/include/libff/algebra/fields/fp6_3over2.hpp
-- Up-to-date: /Users/hanallen/go/src/fisco/FISCO-BCOS/build/deps/include/libff/algebra/fields/fp_aux.tcc
-- Up-to-date: /Users/hanallen/go/src/fisco/FISCO-BCOS/build/deps/include/libff/algebra/fields/fp6_2over3.hpp
-- Up-to-date: /Users/hanallen/go/src/fisco/FISCO-BCOS/build/deps/include/libff/algebra/fields/fp.tcc
-- Up-to-date: /Users/hanallen/go/src/fisco/FISCO-BCOS/build/deps/include/libff/algebra/fields/fp4.tcc
-- Up-to-date: /Users/hanallen/go/src/fisco/FISCO-BCOS/build/deps/include/libff/algebra/fields/fp3.tcc
-- Up-to-date: /Users/hanallen/go/src/fisco/FISCO-BCOS/build/deps/include/libff/algebra/fields/field_utils.hpp
-- Up-to-date: /Users/hanallen/go/src/fisco/FISCO-BCOS/build/deps/include/libff/algebra/fields/fp2.tcc
-- Up-to-date: /Users/hanallen/go/src/fisco/FISCO-BCOS/build/deps/include/libff/algebra/fields/bigint.hpp
-- Up-to-date: /Users/hanallen/go/src/fisco/FISCO-BCOS/build/deps/include/libff/algebra/fields/fp12_2over3over2.tcc
-- Up-to-date: /Users/hanallen/go/src/fisco/FISCO-BCOS/build/deps/include/libff/algebra/scalar_multiplication
-- Up-to-date: /Users/hanallen/go/src/fisco/FISCO-BCOS/build/deps/include/libff/algebra/scalar_multiplication/wnaf.tcc
-- Up-to-date: /Users/hanallen/go/src/fisco/FISCO-BCOS/build/deps/include/libff/algebra/scalar_multiplication/multiexp.hpp
-- Up-to-date: /Users/hanallen/go/src/fisco/FISCO-BCOS/build/deps/include/libff/algebra/scalar_multiplication/multiexp.tcc
-- Up-to-date: /Users/hanallen/go/src/fisco/FISCO-BCOS/build/deps/include/libff/algebra/scalar_multiplication/wnaf.hpp
-- Up-to-date: /Users/hanallen/go/src/fisco/FISCO-BCOS/build/deps/include/libff/algebra/curves
-- Up-to-date: /Users/hanallen/go/src/fisco/FISCO-BCOS/build/deps/include/libff/algebra/curves/curve_utils.tcc
-- Up-to-date: /Users/hanallen/go/src/fisco/FISCO-BCOS/build/deps/include/libff/algebra/curves/alt_bn128
-- Up-to-date: /Users/hanallen/go/src/fisco/FISCO-BCOS/build/deps/include/libff/algebra/curves/alt_bn128/alt_bn128_g2.hpp
-- Up-to-date: /Users/hanallen/go/src/fisco/FISCO-BCOS/build/deps/include/libff/algebra/curves/alt_bn128/alt_bn128_g1.hpp
-- Up-to-date: /Users/hanallen/go/src/fisco/FISCO-BCOS/build/deps/include/libff/algebra/curves/alt_bn128/alt_bn128_init.hpp
-- Up-to-date: /Users/hanallen/go/src/fisco/FISCO-BCOS/build/deps/include/libff/algebra/curves/alt_bn128/alt_bn128_pp.hpp
-- Up-to-date: /Users/hanallen/go/src/fisco/FISCO-BCOS/build/deps/include/libff/algebra/curves/alt_bn128/alt_bn128_pairing.hpp
-- Up-to-date: /Users/hanallen/go/src/fisco/FISCO-BCOS/build/deps/include/libff/algebra/curves/public_params.hpp
-- Up-to-date: /Users/hanallen/go/src/fisco/FISCO-BCOS/build/deps/include/libff/algebra/curves/mnt
-- Up-to-date: /Users/hanallen/go/src/fisco/FISCO-BCOS/build/deps/include/libff/algebra/curves/mnt/mnt4
-- Up-to-date: /Users/hanallen/go/src/fisco/FISCO-BCOS/build/deps/include/libff/algebra/curves/mnt/mnt4/mnt4_pairing.hpp
-- Up-to-date: /Users/hanallen/go/src/fisco/FISCO-BCOS/build/deps/include/libff/algebra/curves/mnt/mnt4/mnt4_init.hpp
-- Up-to-date: /Users/hanallen/go/src/fisco/FISCO-BCOS/build/deps/include/libff/algebra/curves/mnt/mnt4/mnt4_pp.hpp
-- Up-to-date: /Users/hanallen/go/src/fisco/FISCO-BCOS/build/deps/include/libff/algebra/curves/mnt/mnt4/mnt4_g2.hpp
-- Up-to-date: /Users/hanallen/go/src/fisco/FISCO-BCOS/build/deps/include/libff/algebra/curves/mnt/mnt4/mnt4_g1.hpp
-- Up-to-date: /Users/hanallen/go/src/fisco/FISCO-BCOS/build/deps/include/libff/algebra/curves/mnt/mnt46_common.hpp
-- Up-to-date: /Users/hanallen/go/src/fisco/FISCO-BCOS/build/deps/include/libff/algebra/curves/mnt/mnt6
-- Up-to-date: /Users/hanallen/go/src/fisco/FISCO-BCOS/build/deps/include/libff/algebra/curves/mnt/mnt6/mnt6_pp.hpp
-- Up-to-date: /Users/hanallen/go/src/fisco/FISCO-BCOS/build/deps/include/libff/algebra/curves/mnt/mnt6/mnt6_g1.hpp
-- Up-to-date: /Users/hanallen/go/src/fisco/FISCO-BCOS/build/deps/include/libff/algebra/curves/mnt/mnt6/mnt6_g2.hpp
-- Up-to-date: /Users/hanallen/go/src/fisco/FISCO-BCOS/build/deps/include/libff/algebra/curves/mnt/mnt6/mnt6_pairing.hpp
-- Up-to-date: /Users/hanallen/go/src/fisco/FISCO-BCOS/build/deps/include/libff/algebra/curves/mnt/mnt6/mnt6_init.hpp
-- Up-to-date: /Users/hanallen/go/src/fisco/FISCO-BCOS/build/deps/include/libff/algebra/curves/edwards
-- Up-to-date: /Users/hanallen/go/src/fisco/FISCO-BCOS/build/deps/include/libff/algebra/curves/edwards/edwards_pairing.hpp
-- Up-to-date: /Users/hanallen/go/src/fisco/FISCO-BCOS/build/deps/include/libff/algebra/curves/edwards/edwards_g2.hpp
-- Up-to-date: /Users/hanallen/go/src/fisco/FISCO-BCOS/build/deps/include/libff/algebra/curves/edwards/edwards_g1.hpp
-- Up-to-date: /Users/hanallen/go/src/fisco/FISCO-BCOS/build/deps/include/libff/algebra/curves/edwards/edwards_init.hpp
-- Up-to-date: /Users/hanallen/go/src/fisco/FISCO-BCOS/build/deps/include/libff/algebra/curves/edwards/edwards_pp.hpp
-- Up-to-date: /Users/hanallen/go/src/fisco/FISCO-BCOS/build/deps/include/libff/algebra/curves/bn128
-- Up-to-date: /Users/hanallen/go/src/fisco/FISCO-BCOS/build/deps/include/libff/algebra/curves/bn128/bn128_pairing.hpp
-- Up-to-date: /Users/hanallen/go/src/fisco/FISCO-BCOS/build/deps/include/libff/algebra/curves/bn128/bn_utils.tcc
-- Up-to-date: /Users/hanallen/go/src/fisco/FISCO-BCOS/build/deps/include/libff/algebra/curves/bn128/bn128_init.hpp
-- Up-to-date: /Users/hanallen/go/src/fisco/FISCO-BCOS/build/deps/include/libff/algebra/curves/bn128/bn128_pp.hpp
-- Up-to-date: /Users/hanallen/go/src/fisco/FISCO-BCOS/build/deps/include/libff/algebra/curves/bn128/bn128_g2.hpp
-- Up-to-date: /Users/hanallen/go/src/fisco/FISCO-BCOS/build/deps/include/libff/algebra/curves/bn128/bn128_g1.hpp
-- Up-to-date: /Users/hanallen/go/src/fisco/FISCO-BCOS/build/deps/include/libff/algebra/curves/bn128/bn128_gt.hpp
-- Up-to-date: /Users/hanallen/go/src/fisco/FISCO-BCOS/build/deps/include/libff/algebra/curves/bn128/bn_utils.hpp
-- Up-to-date: /Users/hanallen/go/src/fisco/FISCO-BCOS/build/deps/include/libff/algebra/curves/curve_utils.hpp
-- Installing: /Users/hanallen/go/src/fisco/FISCO-BCOS/build/deps/lib/libff.a
